<?xml version="1.0" encoding="UTF-8"?>
<!-- Generated by org.testng.reporters.JUnitReportReporter -->
<testsuite hostname="LAPTOP-G1B9P7SD" failures="0" tests="3" name="AnnotactionTest" time="0.003" errors="0" timestamp="24 sty 2021 09:45:14 GMT" skipped="0">
  <testcase classname="AnnotactionTest" name="test3" time="0.001"/>
  <testcase classname="AnnotactionTest" name="test1" time="0.001"/>
  <testcase classname="AnnotactionTest" name="test2" time="0.001"/>
</testsuite> <!-- AnnotactionTest -->
